{"name":"/usr/local/Cellar/zeek/3.2.4/share/zeek/base/init-bare.zeek"}
{"name":"  /usr/local/Cellar/zeek/3.2.4/share/zeek/base/bif/const.bif.zeek"}
{"name":"  /usr/local/Cellar/zeek/3.2.4/share/zeek/base/bif/types.bif.zeek"}
{"name":"  /usr/local/Cellar/zeek/3.2.4/share/zeek/base/bif/zeek.bif.zeek"}
{"name":"  /usr/local/Cellar/zeek/3.2.4/share/zeek/base/bif/stats.bif.zeek"}
{"name":"  /usr/local/Cellar/zeek/3.2.4/share/zeek/base/bif/reporter.bif.zeek"}
{"name":"  /usr/local/Cellar/zeek/3.2.4/share/zeek/base/bif/strings.bif.zeek"}
{"name":"  /usr/local/Cellar/zeek/3.2.4/share/zeek/base/bif/option.bif.zeek"}
{"name":"  /usr/local/Cellar/zeek/3.2.4/share/zeek/base/frameworks/supervisor/api.zeek"}
{"name":"  /usr/local/Cellar/zeek/3.2.4/share/zeek/base/bif/supervisor.bif.zeek"}
{"name":"  /usr/local/Cellar/zeek/3.2.4/share/zeek/base/bif/plugins/Zeek_SNMP.types.bif.zeek"}
{"name":"  /usr/local/Cellar/zeek/3.2.4/share/zeek/base/bif/plugins/Zeek_KRB.types.bif.zeek"}
{"name":"  /usr/local/Cellar/zeek/3.2.4/share/zeek/base/bif/event.bif.zeek"}
{"name":"/usr/local/Cellar/zeek/3.2.4/share/zeek/base/init-frameworks-and-bifs.zeek"}
{"name":"  /usr/local/Cellar/zeek/3.2.4/share/zeek/base/frameworks/logging/__load__.zeek"}
{"name":"    /usr/local/Cellar/zeek/3.2.4/share/zeek/base/frameworks/logging/main.zeek"}
{"name":"      /usr/local/Cellar/zeek/3.2.4/share/zeek/base/bif/logging.bif.zeek"}
{"name":"    /usr/local/Cellar/zeek/3.2.4/share/zeek/base/frameworks/logging/postprocessors/__load__.zeek"}
{"name":"      /usr/local/Cellar/zeek/3.2.4/share/zeek/base/frameworks/logging/postprocessors/scp.zeek"}
{"name":"      /usr/local/Cellar/zeek/3.2.4/share/zeek/base/frameworks/logging/postprocessors/sftp.zeek"}
{"name":"    /usr/local/Cellar/zeek/3.2.4/share/zeek/base/frameworks/logging/writers/ascii.zeek"}
{"name":"    /usr/local/Cellar/zeek/3.2.4/share/zeek/base/frameworks/logging/writers/sqlite.zeek"}
{"name":"    /usr/local/Cellar/zeek/3.2.4/share/zeek/base/frameworks/logging/writers/none.zeek"}
{"name":"  /usr/local/Cellar/zeek/3.2.4/share/zeek/base/frameworks/broker/__load__.zeek"}
{"name":"    /usr/local/Cellar/zeek/3.2.4/share/zeek/base/frameworks/broker/main.zeek"}
{"name":"      /usr/local/Cellar/zeek/3.2.4/share/zeek/base/bif/comm.bif.zeek"}
{"name":"      /usr/local/Cellar/zeek/3.2.4/share/zeek/base/bif/messaging.bif.zeek"}
{"name":"    /usr/local/Cellar/zeek/3.2.4/share/zeek/base/frameworks/broker/store.zeek"}
{"name":"      /usr/local/Cellar/zeek/3.2.4/share/zeek/base/bif/data.bif.zeek"}
{"name":"      /usr/local/Cellar/zeek/3.2.4/share/zeek/base/bif/store.bif.zeek"}
{"name":"    /usr/local/Cellar/zeek/3.2.4/share/zeek/base/frameworks/broker/log.zeek"}
{"name":"  /usr/local/Cellar/zeek/3.2.4/share/zeek/base/frameworks/supervisor/__load__.zeek"}
{"name":"    /usr/local/Cellar/zeek/3.2.4/share/zeek/base/frameworks/supervisor/control.zeek"}
{"name":"    /usr/local/Cellar/zeek/3.2.4/share/zeek/base/frameworks/supervisor/main.zeek"}
{"name":"  /usr/local/Cellar/zeek/3.2.4/share/zeek/base/frameworks/input/__load__.zeek"}
{"name":"    /usr/local/Cellar/zeek/3.2.4/share/zeek/base/frameworks/input/main.zeek"}
{"name":"      /usr/local/Cellar/zeek/3.2.4/share/zeek/base/bif/input.bif.zeek"}
{"name":"    /usr/local/Cellar/zeek/3.2.4/share/zeek/base/frameworks/input/readers/ascii.zeek"}
{"name":"    /usr/local/Cellar/zeek/3.2.4/share/zeek/base/frameworks/input/readers/raw.zeek"}
{"name":"    /usr/local/Cellar/zeek/3.2.4/share/zeek/base/frameworks/input/readers/benchmark.zeek"}
{"name":"    /usr/local/Cellar/zeek/3.2.4/share/zeek/base/frameworks/input/readers/binary.zeek"}
{"name":"    /usr/local/Cellar/zeek/3.2.4/share/zeek/base/frameworks/input/readers/config.zeek"}
{"name":"    /usr/local/Cellar/zeek/3.2.4/share/zeek/base/frameworks/input/readers/sqlite.zeek"}
{"name":"  /usr/local/Cellar/zeek/3.2.4/share/zeek/base/frameworks/analyzer/__load__.zeek"}
{"name":"    /usr/local/Cellar/zeek/3.2.4/share/zeek/base/frameworks/analyzer/main.zeek"}
{"name":"      /usr/local/Cellar/zeek/3.2.4/share/zeek/base/frameworks/packet-filter/utils.zeek"}
{"name":"      /usr/local/Cellar/zeek/3.2.4/share/zeek/base/bif/analyzer.bif.zeek"}
{"name":"  /usr/local/Cellar/zeek/3.2.4/share/zeek/base/frameworks/files/__load__.zeek"}
{"name":"    /usr/local/Cellar/zeek/3.2.4/share/zeek/base/frameworks/files/main.zeek"}
{"name":"      /usr/local/Cellar/zeek/3.2.4/share/zeek/base/bif/file_analysis.bif.zeek"}
