#separator \x09
#set_separator	,
#empty_field	(empty)
#unset_field	-
#path	x509
#open	2017-03-31-20-45-28
#fields	ts	id	certificate.version	certificate.serial	certificate.subject	certificate.issuer	certificate.not_valid_before	certificate.not_valid_after	certificate.key_alg	certificate.sig_alg	certificate.key_type	certificate.key_length	certificate.exponent	certificate.curve	san.dns	san.uri	san.email	san.ip	basic_constraints.ca	basic_constraints.path_len
#types	time	string	count	string	string	string	time	time	string	string	string	count	string	string	vector[string]	vector[string]	vector[string]	vector[addr]	bool	count
1491014728.718886	FpRKkS3G9OsjApJvQ7	3	5A0002053AC4098AA23DBFFD5E00010002053A	CN=*.pipe.skype.com	CN=Microsoft IT SSL SHA2,OU=Microsoft IT,O=Microsoft Corporation,L=Redmond,ST=Washington,C=US	1444159886.000000	1507231886.000000	rsaEncryption	sha256WithRSAEncryption	rsa	2048	65537	-	*.pipe.skype.com,pipe.skype.com,*.pipe.aria.microsoft.com	-	-	-	-	-
1491014728.718886	FxOkca2cf8LZLSqCB5	3	07279AA9	CN=Microsoft IT SSL SHA2,OU=Microsoft IT,O=Microsoft Corporation,L=Redmond,ST=Washington,C=US	CN=Baltimore CyberTrust Root,OU=CyberTrust,O=Baltimore,C=IE	1387508852.000000	1513739215.000000	rsaEncryption	sha256WithRSAEncryption	rsa	4096	65537	-	-	-	-	-	T	0
1491014751.736310	FJBNZaRli8YcqlB81	3	554E33030000000050D5DE39	CN=webcourier.push.apple.com,O=Apple Inc.,L=Cupertino,ST=California,C=US	CN=Entrust Certification Authority - L1K,OU=(c) 2012 Entrust\\, Inc. - for authorized use only,OU=See www.entrust.net/legal-terms,O=Entrust\\, Inc.,C=US	1446085469.000000	1509245669.000000	rsaEncryption	sha256WithRSAEncryption	rsa	2048	65537	-	webcourier.push.apple.com	-	-	-	F	-
1491014751.736310	FHSv0UGlPbekNqDh9	3	51CE00FE	CN=Entrust Certification Authority - L1K,OU=(c) 2012 Entrust\\, Inc. - for authorized use only,OU=See www.entrust.net/legal-terms,O=Entrust\\, Inc.,C=US	CN=Entrust.net Certification Authority (2048),OU=(c) 1999 Entrust.net Limited,OU=www.entrust.net/CPS_2048 incorp. by ref. (limits liab.),O=Entrust.net	1412976197.000000	1728649367.000000	rsaEncryption	sha256WithRSAEncryption	rsa	2048	65537	-	-	-	-	-	T	0
1491014813.194518	F8jhoh1JdugJMASZD4	3	554E33030000000050D5DE39	CN=webcourier.push.apple.com,O=Apple Inc.,L=Cupertino,ST=California,C=US	CN=Entrust Certification Authority - L1K,OU=(c) 2012 Entrust\\, Inc. - for authorized use only,OU=See www.entrust.net/legal-terms,O=Entrust\\, Inc.,C=US	1446085469.000000	1509245669.000000	rsaEncryption	sha256WithRSAEncryption	rsa	2048	65537	-	webcourier.push.apple.com	-	-	-	F	-
1491014813.194518	FsHH5w1tGhJyZ86FJ4	3	51CE00FE	CN=Entrust Certification Authority - L1K,OU=(c) 2012 Entrust\\, Inc. - for authorized use only,OU=See www.entrust.net/legal-terms,O=Entrust\\, Inc.,C=US	CN=Entrust.net Certification Authority (2048),OU=(c) 1999 Entrust.net Limited,OU=www.entrust.net/CPS_2048 incorp. by ref. (limits liab.),O=Entrust.net	1412976197.000000	1728649367.000000	rsaEncryption	sha256WithRSAEncryption	rsa	2048	65537	-	-	-	-	-	T	0
1491014833.988852	F9ums12ndSMzz42Rzd	3	5A0002053AC4098AA23DBFFD5E00010002053A	CN=*.pipe.skype.com	CN=Microsoft IT SSL SHA2,OU=Microsoft IT,O=Microsoft Corporation,L=Redmond,ST=Washington,C=US	1444159886.000000	1507231886.000000	rsaEncryption	sha256WithRSAEncryption	rsa	2048	65537	-	*.pipe.skype.com,pipe.skype.com,*.pipe.aria.microsoft.com	-	-	-	-	-
1491014833.988852	F7e6yE2eBkoAWRSxn2	3	07279AA9	CN=Microsoft IT SSL SHA2,OU=Microsoft IT,O=Microsoft Corporation,L=Redmond,ST=Washington,C=US	CN=Baltimore CyberTrust Root,OU=CyberTrust,O=Baltimore,C=IE	1387508852.000000	1513739215.000000	rsaEncryption	sha256WithRSAEncryption	rsa	4096	65537	-	-	-	-	-	T	0
1491014876.660221	FmfFA72uvaTPGO4NWb	3	554E33030000000050D5DE39	CN=webcourier.push.apple.com,O=Apple Inc.,L=Cupertino,ST=California,C=US	CN=Entrust Certification Authority - L1K,OU=(c) 2012 Entrust\\, Inc. - for authorized use only,OU=See www.entrust.net/legal-terms,O=Entrust\\, Inc.,C=US	1446085469.000000	1509245669.000000	rsaEncryption	sha256WithRSAEncryption	rsa	2048	65537	-	webcourier.push.apple.com	-	-	-	F	-
1491014876.660221	FXnkVU3089yGZDCyuh	3	51CE00FE	CN=Entrust Certification Authority - L1K,OU=(c) 2012 Entrust\\, Inc. - for authorized use only,OU=See www.entrust.net/legal-terms,O=Entrust\\, Inc.,C=US	CN=Entrust.net Certification Authority (2048),OU=(c) 1999 Entrust.net Limited,OU=www.entrust.net/CPS_2048 incorp. by ref. (limits liab.),O=Entrust.net	1412976197.000000	1728649367.000000	rsaEncryption	sha256WithRSAEncryption	rsa	2048	65537	-	-	-	-	-	T	0
1491014889.788662	FTAEY834NfaQFxVdnf	3	5A0002053AC4098AA23DBFFD5E00010002053A	CN=*.pipe.skype.com	CN=Microsoft IT SSL SHA2,OU=Microsoft IT,O=Microsoft Corporation,L=Redmond,ST=Washington,C=US	1444159886.000000	1507231886.000000	rsaEncryption	sha256WithRSAEncryption	rsa	2048	65537	-	*.pipe.skype.com,pipe.skype.com,*.pipe.aria.microsoft.com	-	-	-	-	-
1491014889.788662	F5E2Am4PkPMJRpum8	3	07279AA9	CN=Microsoft IT SSL SHA2,OU=Microsoft IT,O=Microsoft Corporation,L=Redmond,ST=Washington,C=US	CN=Baltimore CyberTrust Root,OU=CyberTrust,O=Baltimore,C=IE	1387508852.000000	1513739215.000000	rsaEncryption	sha256WithRSAEncryption	rsa	4096	65537	-	-	-	-	-	T	0
1491014889.788662	F5E2Am4PkPMJRpum8	3	07279AA9	CN=paypal.migems.com	CN=Let's Encrypt Authority X3,O=Let's Encrypt,C=US	1387508852.000000	1513739215.000000	rsaEncryption	sha256WithRSAEncryption	rsa	4096	65537	-	-	-	-	-	T	0
